<?xml version="1.0" encoding="UTF-8"?>
<!-- Generated by org.testng.reporters.JUnitReportReporter -->
<testsuite hostname="SIXNS374" failures="0" tests="4" name="runners.PartIRunner" time="51.150" errors="0" timestamp="2024-07-11T11:57:30 CEST" skipped="0">
  <testcase classname="runners.PartIRunner" name="runScenario" time="11.066"/>
  <testcase classname="runners.PartIRunner" name="runScenario" time="13.302"/>
  <testcase classname="runners.PartIRunner" name="runScenario" time="17.543"/>
  <testcase classname="runners.PartIRunner" name="runScenario" time="9.239"/>
</testsuite> <!-- runners.PartIRunner -->
