<?xml version="1.0" encoding="UTF-8"?>
<!-- Generated by org.testng.reporters.JUnitReportReporter -->
<testsuite hostname="SIXNS374" failures="0" tests="4" name="runners.PartIRunner" time="40.697" errors="0" timestamp="2024-07-11T15:02:33 CEST" skipped="0">
  <testcase classname="runners.PartIRunner" name="runScenario" time="9.938"/>
  <testcase classname="runners.PartIRunner" name="runScenario" time="8.133"/>
  <testcase classname="runners.PartIRunner" name="runScenario" time="8.220"/>
  <testcase classname="runners.PartIRunner" name="runScenario" time="14.406"/>
</testsuite> <!-- runners.PartIRunner -->
